<?xml version="1.0" encoding="UTF-8"?>
<!-- Generated by org.testng.reporters.JUnitXMLReporter -->
<testsuite ignored="1" hostname="DESKTOP-JCNBK9Q" failures="0" tests="1" name="ChromeBrowserTest" time="5.136" errors="0" timestamp="2026-01-09T09:30:54 IST">
  <testcase classname="testscript.LoginTest" name="verifyUserIsAbleToLoginWithInvalidCredentials" time="1.535"/>
  <testcase classname="testscript.LoginTest" name="verifyUserIsAbleToLoginWithValidCredentials" time="0.0">
    <ignored/>
  </testcase> <!-- verifyUserIsAbleToLoginWithValidCredentials -->
</testsuite> <!-- ChromeBrowserTest -->
