<?xml version="1.0" encoding="UTF-8"?>
<!-- Generated by org.testng.reporters.JUnitXMLReporter -->
<testsuite ignored="1" hostname="DESKTOP-JCNBK9Q" failures="0" tests="1" name="Default test" time="3.883" errors="0" timestamp="2026-01-08T13:08:30 IST">
  <testcase classname="testscript.LoginTest" name="verifyUserIsAbleToLoginWithInvalidCredentials" time="1.014"/>
  <testcase classname="testscript.LoginTest" name="verifyUserIsAbleToLoginWithValidCredentials" time="0.0">
    <ignored/>
  </testcase> <!-- verifyUserIsAbleToLoginWithValidCredentials -->
</testsuite> <!-- Default test -->
